<?xml version="1.0" encoding="UTF-8"?>
<coverage generated="1594724886683" clover="3.2.0">
  <project timestamp="1594724886683" name="All files">
    <metrics statements="74" coveredstatements="74" conditionals="54" coveredconditionals="50" methods="27" coveredmethods="27" elements="155" coveredelements="151" complexity="0" loc="74" ncloc="74" packages="1" files="2" classes="2"/>
    <file name="gilded_rose.js" path="/Users/thierrydekelver/codaisseur/week-29/javascript-exercise-eight/src/gilded_rose.js">
      <metrics statements="31" coveredstatements="31" conditionals="35" coveredconditionals="33" methods="3" coveredmethods="3"/>
      <line num="3" count="32" type="stmt"/>
      <line num="4" count="32" type="stmt"/>
      <line num="5" count="32" type="stmt"/>
      <line num="11" count="32" type="stmt"/>
      <line num="14" count="32" type="stmt"/>
      <line num="15" count="32" type="cond" truecount="4" falsecount="0"/>
      <line num="16" count="13" type="cond" truecount="2" falsecount="0"/>
      <line num="17" count="12" type="cond" truecount="2" falsecount="0"/>
      <line num="18" count="6" type="stmt"/>
      <line num="22" count="19" type="cond" truecount="2" falsecount="0"/>
      <line num="23" count="17" type="stmt"/>
      <line num="24" count="17" type="cond" truecount="2" falsecount="0"/>
      <line num="25" count="10" type="cond" truecount="2" falsecount="0"/>
      <line num="26" count="9" type="cond" truecount="2" falsecount="0"/>
      <line num="27" count="8" type="stmt"/>
      <line num="30" count="10" type="cond" truecount="2" falsecount="0"/>
      <line num="31" count="6" type="cond" truecount="2" falsecount="0"/>
      <line num="32" count="5" type="stmt"/>
      <line num="38" count="32" type="cond" truecount="2" falsecount="0"/>
      <line num="39" count="26" type="stmt"/>
      <line num="41" count="32" type="cond" truecount="2" falsecount="0"/>
      <line num="42" count="15" type="cond" truecount="2" falsecount="0"/>
      <line num="43" count="10" type="cond" truecount="2" falsecount="0"/>
      <line num="44" count="6" type="cond" truecount="1" falsecount="1"/>
      <line num="45" count="6" type="cond" truecount="2" falsecount="0"/>
      <line num="46" count="4" type="stmt"/>
      <line num="50" count="4" type="stmt"/>
      <line num="53" count="5" type="cond" truecount="2" falsecount="0"/>
      <line num="54" count="4" type="stmt"/>
      <line num="60" count="32" type="stmt"/>
      <line num="64" count="1" type="stmt"/>
    </file>
    <file name="gilded_rose_refactored.js" path="/Users/thierrydekelver/codaisseur/week-29/javascript-exercise-eight/src/gilded_rose_refactored.js">
      <metrics statements="43" coveredstatements="43" conditionals="19" coveredconditionals="17" methods="24" coveredmethods="24"/>
      <line num="3" count="22" type="stmt"/>
      <line num="4" count="22" type="stmt"/>
      <line num="5" count="22" type="stmt"/>
      <line num="9" count="1" type="stmt"/>
      <line num="10" count="1" type="stmt"/>
      <line num="15" count="22" type="stmt"/>
      <line num="19" count="22" type="stmt"/>
      <line num="25" count="6" type="stmt"/>
      <line num="29" count="6" type="stmt"/>
      <line num="30" count="6" type="stmt"/>
      <line num="31" count="6" type="cond" truecount="2" falsecount="0"/>
      <line num="33" count="6" type="stmt"/>
      <line num="36" count="4" type="cond" truecount="2" falsecount="0"/>
      <line num="37" count="3" type="stmt"/>
      <line num="41" count="6" type="stmt"/>
      <line num="44" count="6" type="stmt"/>
      <line num="50" count="3" type="stmt"/>
      <line num="54" count="3" type="stmt"/>
      <line num="55" count="3" type="stmt"/>
      <line num="56" count="3" type="cond" truecount="2" falsecount="0"/>
      <line num="58" count="3" type="stmt"/>
      <line num="61" count="4" type="cond" truecount="2" falsecount="0"/>
      <line num="62" count="3" type="stmt"/>
      <line num="66" count="3" type="stmt"/>
      <line num="69" count="3" type="stmt"/>
      <line num="75" count="2" type="stmt"/>
      <line num="79" count="2" type="stmt"/>
      <line num="85" count="11" type="stmt"/>
      <line num="89" count="11" type="stmt"/>
      <line num="90" count="11" type="cond" truecount="2" falsecount="0"/>
      <line num="91" count="11" type="cond" truecount="2" falsecount="0"/>
      <line num="92" count="11" type="stmt"/>
      <line num="93" count="11" type="cond" truecount="2" falsecount="0"/>
      <line num="94" count="11" type="stmt"/>
      <line num="97" count="24" type="cond" truecount="1" falsecount="1"/>
      <line num="98" count="24" type="stmt"/>
      <line num="102" count="11" type="stmt"/>
      <line num="105" count="2" type="stmt"/>
      <line num="108" count="11" type="stmt"/>
      <line num="114" count="3" type="stmt"/>
      <line num="115" count="3" type="stmt"/>
      <line num="119" count="4" type="cond" truecount="2" falsecount="0"/>
      <line num="120" count="3" type="stmt"/>
    </file>
  </project>
</coverage>
