{"/Users/thierrydekelver/codaisseur/week-29/javascript-exercise-eight/src/gilded_rose.js": {"path":"/Users/thierrydekelver/codaisseur/week-29/javascript-exercise-eight/src/gilded_rose.js","statementMap":{"0":{"start":{"line":3,"column":4},"end":{"line":3,"column":21}},"1":{"start":{"line":4,"column":4},"end":{"line":4,"column":25}},"2":{"start":{"line":5,"column":4},"end":{"line":5,"column":27}},"3":{"start":{"line":11,"column":4},"end":{"line":11,"column":23}},"4":{"start":{"line":14,"column":4},"end":{"line":58,"column":5}},"5":{"start":{"line":14,"column":17},"end":{"line":14,"column":18}},"6":{"start":{"line":15,"column":6},"end":{"line":37,"column":7}},"7":{"start":{"line":16,"column":8},"end":{"line":20,"column":9}},"8":{"start":{"line":17,"column":10},"end":{"line":19,"column":11}},"9":{"start":{"line":18,"column":12},"end":{"line":18,"column":62}},"10":{"start":{"line":22,"column":8},"end":{"line":36,"column":9}},"11":{"start":{"line":23,"column":10},"end":{"line":23,"column":60}},"12":{"start":{"line":24,"column":10},"end":{"line":35,"column":11}},"13":{"start":{"line":25,"column":12},"end":{"line":29,"column":13}},"14":{"start":{"line":26,"column":14},"end":{"line":28,"column":15}},"15":{"start":{"line":27,"column":16},"end":{"line":27,"column":66}},"16":{"start":{"line":30,"column":12},"end":{"line":34,"column":13}},"17":{"start":{"line":31,"column":14},"end":{"line":33,"column":15}},"18":{"start":{"line":32,"column":16},"end":{"line":32,"column":66}},"19":{"start":{"line":38,"column":6},"end":{"line":40,"column":7}},"20":{"start":{"line":39,"column":8},"end":{"line":39,"column":56}},"21":{"start":{"line":41,"column":6},"end":{"line":57,"column":7}},"22":{"start":{"line":42,"column":8},"end":{"line":56,"column":9}},"23":{"start":{"line":43,"column":10},"end":{"line":51,"column":11}},"24":{"start":{"line":44,"column":12},"end":{"line":48,"column":13}},"25":{"start":{"line":45,"column":14},"end":{"line":47,"column":15}},"26":{"start":{"line":46,"column":16},"end":{"line":46,"column":66}},"27":{"start":{"line":50,"column":12},"end":{"line":50,"column":82}},"28":{"start":{"line":53,"column":10},"end":{"line":55,"column":11}},"29":{"start":{"line":54,"column":12},"end":{"line":54,"column":62}},"30":{"start":{"line":60,"column":4},"end":{"line":60,"column":22}},"31":{"start":{"line":64,"column":0},"end":{"line":67,"column":1}}},"fnMap":{"0":{"name":"(anonymous_0)","decl":{"start":{"line":2,"column":2},"end":{"line":2,"column":3}},"loc":{"start":{"line":2,"column":36},"end":{"line":6,"column":3}},"line":2},"1":{"name":"(anonymous_1)","decl":{"start":{"line":10,"column":2},"end":{"line":10,"column":3}},"loc":{"start":{"line":10,"column":23},"end":{"line":12,"column":3}},"line":10},"2":{"name":"(anonymous_2)","decl":{"start":{"line":13,"column":2},"end":{"line":13,"column":3}},"loc":{"start":{"line":13,"column":18},"end":{"line":61,"column":3}},"line":13}},"branchMap":{"0":{"loc":{"start":{"line":10,"column":14},"end":{"line":10,"column":22}},"type":"default-arg","locations":[{"start":{"line":10,"column":20},"end":{"line":10,"column":22}}],"line":10},"1":{"loc":{"start":{"line":15,"column":6},"end":{"line":37,"column":7}},"type":"if","locations":[{"start":{"line":15,"column":6},"end":{"line":37,"column":7}},{"start":{"line":15,"column":6},"end":{"line":37,"column":7}}],"line":15},"2":{"loc":{"start":{"line":15,"column":10},"end":{"line":15,"column":112}},"type":"binary-expr","locations":[{"start":{"line":15,"column":10},"end":{"line":15,"column":43}},{"start":{"line":15,"column":47},"end":{"line":15,"column":112}}],"line":15},"3":{"loc":{"start":{"line":16,"column":8},"end":{"line":20,"column":9}},"type":"if","locations":[{"start":{"line":16,"column":8},"end":{"line":20,"column":9}},{"start":{"line":16,"column":8},"end":{"line":20,"column":9}}],"line":16},"4":{"loc":{"start":{"line":17,"column":10},"end":{"line":19,"column":11}},"type":"if","locations":[{"start":{"line":17,"column":10},"end":{"line":19,"column":11}},{"start":{"line":17,"column":10},"end":{"line":19,"column":11}}],"line":17},"5":{"loc":{"start":{"line":22,"column":8},"end":{"line":36,"column":9}},"type":"if","locations":[{"start":{"line":22,"column":8},"end":{"line":36,"column":9}},{"start":{"line":22,"column":8},"end":{"line":36,"column":9}}],"line":22},"6":{"loc":{"start":{"line":24,"column":10},"end":{"line":35,"column":11}},"type":"if","locations":[{"start":{"line":24,"column":10},"end":{"line":35,"column":11}},{"start":{"line":24,"column":10},"end":{"line":35,"column":11}}],"line":24},"7":{"loc":{"start":{"line":25,"column":12},"end":{"line":29,"column":13}},"type":"if","locations":[{"start":{"line":25,"column":12},"end":{"line":29,"column":13}},{"start":{"line":25,"column":12},"end":{"line":29,"column":13}}],"line":25},"8":{"loc":{"start":{"line":26,"column":14},"end":{"line":28,"column":15}},"type":"if","locations":[{"start":{"line":26,"column":14},"end":{"line":28,"column":15}},{"start":{"line":26,"column":14},"end":{"line":28,"column":15}}],"line":26},"9":{"loc":{"start":{"line":30,"column":12},"end":{"line":34,"column":13}},"type":"if","locations":[{"start":{"line":30,"column":12},"end":{"line":34,"column":13}},{"start":{"line":30,"column":12},"end":{"line":34,"column":13}}],"line":30},"10":{"loc":{"start":{"line":31,"column":14},"end":{"line":33,"column":15}},"type":"if","locations":[{"start":{"line":31,"column":14},"end":{"line":33,"column":15}},{"start":{"line":31,"column":14},"end":{"line":33,"column":15}}],"line":31},"11":{"loc":{"start":{"line":38,"column":6},"end":{"line":40,"column":7}},"type":"if","locations":[{"start":{"line":38,"column":6},"end":{"line":40,"column":7}},{"start":{"line":38,"column":6},"end":{"line":40,"column":7}}],"line":38},"12":{"loc":{"start":{"line":41,"column":6},"end":{"line":57,"column":7}},"type":"if","locations":[{"start":{"line":41,"column":6},"end":{"line":57,"column":7}},{"start":{"line":41,"column":6},"end":{"line":57,"column":7}}],"line":41},"13":{"loc":{"start":{"line":42,"column":8},"end":{"line":56,"column":9}},"type":"if","locations":[{"start":{"line":42,"column":8},"end":{"line":56,"column":9}},{"start":{"line":42,"column":8},"end":{"line":56,"column":9}}],"line":42},"14":{"loc":{"start":{"line":43,"column":10},"end":{"line":51,"column":11}},"type":"if","locations":[{"start":{"line":43,"column":10},"end":{"line":51,"column":11}},{"start":{"line":43,"column":10},"end":{"line":51,"column":11}}],"line":43},"15":{"loc":{"start":{"line":44,"column":12},"end":{"line":48,"column":13}},"type":"if","locations":[{"start":{"line":44,"column":12},"end":{"line":48,"column":13}},{"start":{"line":44,"column":12},"end":{"line":48,"column":13}}],"line":44},"16":{"loc":{"start":{"line":45,"column":14},"end":{"line":47,"column":15}},"type":"if","locations":[{"start":{"line":45,"column":14},"end":{"line":47,"column":15}},{"start":{"line":45,"column":14},"end":{"line":47,"column":15}}],"line":45},"17":{"loc":{"start":{"line":53,"column":10},"end":{"line":55,"column":11}},"type":"if","locations":[{"start":{"line":53,"column":10},"end":{"line":55,"column":11}},{"start":{"line":53,"column":10},"end":{"line":55,"column":11}}],"line":53}},"s":{"0":32,"1":32,"2":32,"3":32,"4":32,"5":32,"6":32,"7":13,"8":12,"9":6,"10":19,"11":17,"12":17,"13":10,"14":9,"15":8,"16":10,"17":6,"18":5,"19":32,"20":26,"21":32,"22":15,"23":10,"24":6,"25":6,"26":4,"27":4,"28":5,"29":4,"30":32,"31":1},"f":{"0":32,"1":32,"2":32},"b":{"0":[0],"1":[13,19],"2":[32,24],"3":[12,1],"4":[6,6],"5":[17,2],"6":[10,7],"7":[9,1],"8":[8,1],"9":[6,4],"10":[5,1],"11":[26,6],"12":[15,17],"13":[10,5],"14":[6,4],"15":[6,0],"16":[4,2],"17":[4,1]},"_coverageSchema":"1a1c01bbd47fc00a2c39e90264f33305004495a9","hash":"720e34c1144f81b1653ee55625a4c4b6ad9f34cf"}
,"/Users/thierrydekelver/codaisseur/week-29/javascript-exercise-eight/src/gilded_rose_refactored.js": {"path":"/Users/thierrydekelver/codaisseur/week-29/javascript-exercise-eight/src/gilded_rose_refactored.js","statementMap":{"0":{"start":{"line":3,"column":4},"end":{"line":3,"column":21}},"1":{"start":{"line":4,"column":4},"end":{"line":4,"column":25}},"2":{"start":{"line":5,"column":4},"end":{"line":5,"column":27}},"3":{"start":{"line":9,"column":19},"end":{"line":9,"column":20}},"4":{"start":{"line":10,"column":19},"end":{"line":10,"column":21}},"5":{"start":{"line":15,"column":4},"end":{"line":15,"column":23}},"6":{"start":{"line":19,"column":4},"end":{"line":19,"column":56}},"7":{"start":{"line":19,"column":34},"end":{"line":19,"column":54}},"8":{"start":{"line":25,"column":4},"end":{"line":25,"column":37}},"9":{"start":{"line":29,"column":4},"end":{"line":29,"column":24}},"10":{"start":{"line":30,"column":4},"end":{"line":30,"column":23}},"11":{"start":{"line":31,"column":4},"end":{"line":31,"column":53}},"12":{"start":{"line":31,"column":33},"end":{"line":31,"column":53}},"13":{"start":{"line":33,"column":4},"end":{"line":33,"column":16}},"14":{"start":{"line":36,"column":4},"end":{"line":38,"column":5}},"15":{"start":{"line":37,"column":6},"end":{"line":37,"column":38}},"16":{"start":{"line":41,"column":4},"end":{"line":41,"column":34}},"17":{"start":{"line":44,"column":4},"end":{"line":44,"column":27}},"18":{"start":{"line":50,"column":4},"end":{"line":50,"column":40}},"19":{"start":{"line":54,"column":4},"end":{"line":54,"column":27}},"20":{"start":{"line":55,"column":4},"end":{"line":55,"column":23}},"21":{"start":{"line":56,"column":4},"end":{"line":56,"column":56}},"22":{"start":{"line":56,"column":33},"end":{"line":56,"column":56}},"23":{"start":{"line":58,"column":4},"end":{"line":58,"column":16}},"24":{"start":{"line":61,"column":4},"end":{"line":63,"column":5}},"25":{"start":{"line":62,"column":6},"end":{"line":62,"column":38}},"26":{"start":{"line":66,"column":4},"end":{"line":66,"column":34}},"27":{"start":{"line":69,"column":4},"end":{"line":69,"column":27}},"28":{"start":{"line":75,"column":4},"end":{"line":75,"column":57}},"29":{"start":{"line":79,"column":4},"end":{"line":79,"column":16}},"30":{"start":{"line":85,"column":4},"end":{"line":85,"column":72}},"31":{"start":{"line":89,"column":4},"end":{"line":89,"column":27}},"32":{"start":{"line":90,"column":4},"end":{"line":90,"column":50}},"33":{"start":{"line":90,"column":27},"end":{"line":90,"column":50}},"34":{"start":{"line":91,"column":4},"end":{"line":91,"column":49}},"35":{"start":{"line":91,"column":26},"end":{"line":91,"column":49}},"36":{"start":{"line":92,"column":4},"end":{"line":92,"column":23}},"37":{"start":{"line":93,"column":4},"end":{"line":93,"column":57}},"38":{"start":{"line":93,"column":33},"end":{"line":93,"column":57}},"39":{"start":{"line":94,"column":4},"end":{"line":94,"column":16}},"40":{"start":{"line":97,"column":4},"end":{"line":99,"column":5}},"41":{"start":{"line":98,"column":6},"end":{"line":98,"column":38}},"42":{"start":{"line":102,"column":4},"end":{"line":102,"column":34}},"43":{"start":{"line":105,"column":4},"end":{"line":105,"column":21}},"44":{"start":{"line":108,"column":4},"end":{"line":108,"column":27}},"45":{"start":{"line":114,"column":4},"end":{"line":114,"column":27}},"46":{"start":{"line":115,"column":4},"end":{"line":115,"column":27}},"47":{"start":{"line":119,"column":4},"end":{"line":121,"column":5}},"48":{"start":{"line":120,"column":6},"end":{"line":120,"column":38}}},"fnMap":{"0":{"name":"(anonymous_0)","decl":{"start":{"line":2,"column":2},"end":{"line":2,"column":3}},"loc":{"start":{"line":2,"column":37},"end":{"line":6,"column":3}},"line":2},"1":{"name":"(anonymous_1)","decl":{"start":{"line":14,"column":2},"end":{"line":14,"column":3}},"loc":{"start":{"line":14,"column":26},"end":{"line":16,"column":3}},"line":14},"2":{"name":"(anonymous_2)","decl":{"start":{"line":18,"column":2},"end":{"line":18,"column":3}},"loc":{"start":{"line":18,"column":18},"end":{"line":20,"column":3}},"line":18},"3":{"name":"(anonymous_3)","decl":{"start":{"line":19,"column":26},"end":{"line":19,"column":27}},"loc":{"start":{"line":19,"column":34},"end":{"line":19,"column":54}},"line":19},"4":{"name":"(anonymous_4)","decl":{"start":{"line":24,"column":2},"end":{"line":24,"column":3}},"loc":{"start":{"line":24,"column":31},"end":{"line":26,"column":3}},"line":24},"5":{"name":"(anonymous_5)","decl":{"start":{"line":28,"column":2},"end":{"line":28,"column":3}},"loc":{"start":{"line":28,"column":18},"end":{"line":34,"column":3}},"line":28},"6":{"name":"(anonymous_6)","decl":{"start":{"line":35,"column":2},"end":{"line":35,"column":3}},"loc":{"start":{"line":35,"column":17},"end":{"line":39,"column":3}},"line":35},"7":{"name":"(anonymous_7)","decl":{"start":{"line":40,"column":2},"end":{"line":40,"column":3}},"loc":{"start":{"line":40,"column":16},"end":{"line":42,"column":3}},"line":40},"8":{"name":"(anonymous_8)","decl":{"start":{"line":43,"column":2},"end":{"line":43,"column":3}},"loc":{"start":{"line":43,"column":21},"end":{"line":45,"column":3}},"line":43},"9":{"name":"(anonymous_9)","decl":{"start":{"line":49,"column":2},"end":{"line":49,"column":3}},"loc":{"start":{"line":49,"column":31},"end":{"line":51,"column":3}},"line":49},"10":{"name":"(anonymous_10)","decl":{"start":{"line":53,"column":2},"end":{"line":53,"column":3}},"loc":{"start":{"line":53,"column":18},"end":{"line":59,"column":3}},"line":53},"11":{"name":"(anonymous_11)","decl":{"start":{"line":60,"column":2},"end":{"line":60,"column":3}},"loc":{"start":{"line":60,"column":20},"end":{"line":64,"column":3}},"line":60},"12":{"name":"(anonymous_12)","decl":{"start":{"line":65,"column":2},"end":{"line":65,"column":3}},"loc":{"start":{"line":65,"column":16},"end":{"line":67,"column":3}},"line":65},"13":{"name":"(anonymous_13)","decl":{"start":{"line":68,"column":2},"end":{"line":68,"column":3}},"loc":{"start":{"line":68,"column":21},"end":{"line":70,"column":3}},"line":68},"14":{"name":"(anonymous_14)","decl":{"start":{"line":74,"column":2},"end":{"line":74,"column":3}},"loc":{"start":{"line":74,"column":31},"end":{"line":76,"column":3}},"line":74},"15":{"name":"(anonymous_15)","decl":{"start":{"line":78,"column":2},"end":{"line":78,"column":3}},"loc":{"start":{"line":78,"column":18},"end":{"line":80,"column":3}},"line":78},"16":{"name":"(anonymous_16)","decl":{"start":{"line":84,"column":2},"end":{"line":84,"column":3}},"loc":{"start":{"line":84,"column":31},"end":{"line":86,"column":3}},"line":84},"17":{"name":"(anonymous_17)","decl":{"start":{"line":88,"column":2},"end":{"line":88,"column":3}},"loc":{"start":{"line":88,"column":18},"end":{"line":95,"column":3}},"line":88},"18":{"name":"(anonymous_18)","decl":{"start":{"line":96,"column":2},"end":{"line":96,"column":3}},"loc":{"start":{"line":96,"column":20},"end":{"line":100,"column":3}},"line":96},"19":{"name":"(anonymous_19)","decl":{"start":{"line":101,"column":2},"end":{"line":101,"column":3}},"loc":{"start":{"line":101,"column":16},"end":{"line":103,"column":3}},"line":101},"20":{"name":"(anonymous_20)","decl":{"start":{"line":104,"column":2},"end":{"line":104,"column":3}},"loc":{"start":{"line":104,"column":21},"end":{"line":106,"column":3}},"line":104},"21":{"name":"(anonymous_21)","decl":{"start":{"line":107,"column":2},"end":{"line":107,"column":3}},"loc":{"start":{"line":107,"column":21},"end":{"line":109,"column":3}},"line":107},"22":{"name":"(anonymous_22)","decl":{"start":{"line":113,"column":2},"end":{"line":113,"column":3}},"loc":{"start":{"line":113,"column":31},"end":{"line":116,"column":3}},"line":113},"23":{"name":"(anonymous_23)","decl":{"start":{"line":118,"column":2},"end":{"line":118,"column":3}},"loc":{"start":{"line":118,"column":17},"end":{"line":122,"column":3}},"line":118}},"branchMap":{"0":{"loc":{"start":{"line":14,"column":14},"end":{"line":14,"column":24}},"type":"default-arg","locations":[{"start":{"line":14,"column":22},"end":{"line":14,"column":24}}],"line":14},"1":{"loc":{"start":{"line":31,"column":4},"end":{"line":31,"column":53}},"type":"if","locations":[{"start":{"line":31,"column":4},"end":{"line":31,"column":53}},{"start":{"line":31,"column":4},"end":{"line":31,"column":53}}],"line":31},"2":{"loc":{"start":{"line":36,"column":4},"end":{"line":38,"column":5}},"type":"if","locations":[{"start":{"line":36,"column":4},"end":{"line":38,"column":5}},{"start":{"line":36,"column":4},"end":{"line":38,"column":5}}],"line":36},"3":{"loc":{"start":{"line":56,"column":4},"end":{"line":56,"column":56}},"type":"if","locations":[{"start":{"line":56,"column":4},"end":{"line":56,"column":56}},{"start":{"line":56,"column":4},"end":{"line":56,"column":56}}],"line":56},"4":{"loc":{"start":{"line":61,"column":4},"end":{"line":63,"column":5}},"type":"if","locations":[{"start":{"line":61,"column":4},"end":{"line":63,"column":5}},{"start":{"line":61,"column":4},"end":{"line":63,"column":5}}],"line":61},"5":{"loc":{"start":{"line":90,"column":4},"end":{"line":90,"column":50}},"type":"if","locations":[{"start":{"line":90,"column":4},"end":{"line":90,"column":50}},{"start":{"line":90,"column":4},"end":{"line":90,"column":50}}],"line":90},"6":{"loc":{"start":{"line":91,"column":4},"end":{"line":91,"column":49}},"type":"if","locations":[{"start":{"line":91,"column":4},"end":{"line":91,"column":49}},{"start":{"line":91,"column":4},"end":{"line":91,"column":49}}],"line":91},"7":{"loc":{"start":{"line":93,"column":4},"end":{"line":93,"column":57}},"type":"if","locations":[{"start":{"line":93,"column":4},"end":{"line":93,"column":57}},{"start":{"line":93,"column":4},"end":{"line":93,"column":57}}],"line":93},"8":{"loc":{"start":{"line":97,"column":4},"end":{"line":99,"column":5}},"type":"if","locations":[{"start":{"line":97,"column":4},"end":{"line":99,"column":5}},{"start":{"line":97,"column":4},"end":{"line":99,"column":5}}],"line":97},"9":{"loc":{"start":{"line":119,"column":4},"end":{"line":121,"column":5}},"type":"if","locations":[{"start":{"line":119,"column":4},"end":{"line":121,"column":5}},{"start":{"line":119,"column":4},"end":{"line":121,"column":5}}],"line":119}},"s":{"0":22,"1":22,"2":22,"3":1,"4":1,"5":22,"6":22,"7":22,"8":6,"9":6,"10":6,"11":6,"12":2,"13":6,"14":4,"15":3,"16":6,"17":6,"18":3,"19":3,"20":3,"21":3,"22":1,"23":3,"24":4,"25":3,"26":3,"27":3,"28":2,"29":2,"30":11,"31":11,"32":11,"33":8,"34":11,"35":5,"36":11,"37":11,"38":2,"39":11,"40":24,"41":24,"42":11,"43":2,"44":11,"45":3,"46":3,"47":4,"48":3},"f":{"0":22,"1":22,"2":22,"3":22,"4":6,"5":6,"6":4,"7":6,"8":6,"9":3,"10":3,"11":4,"12":3,"13":3,"14":2,"15":2,"16":11,"17":11,"18":24,"19":11,"20":2,"21":11,"22":3,"23":4},"b":{"0":[0],"1":[2,4],"2":[3,1],"3":[1,2],"4":[3,1],"5":[8,3],"6":[5,6],"7":[2,9],"8":[24,0],"9":[3,1]},"_coverageSchema":"1a1c01bbd47fc00a2c39e90264f33305004495a9","hash":"05b6aec18ab5210bdaf7bb45f4493ab366dc5b20"}
}
