TN:
SF:src/gilded_rose.js
FN:2,(anonymous_0)
FN:10,(anonymous_1)
FN:13,(anonymous_2)
FNF:3
FNH:3
FNDA:32,(anonymous_0)
FNDA:32,(anonymous_1)
FNDA:32,(anonymous_2)
DA:3,32
DA:4,32
DA:5,32
DA:11,32
DA:14,32
DA:15,32
DA:16,13
DA:17,12
DA:18,6
DA:22,19
DA:23,17
DA:24,17
DA:25,10
DA:26,9
DA:27,8
DA:30,10
DA:31,6
DA:32,5
DA:38,32
DA:39,26
DA:41,32
DA:42,15
DA:43,10
DA:44,6
DA:45,6
DA:46,4
DA:50,4
DA:53,5
DA:54,4
DA:60,32
DA:64,1
LF:31
LH:31
BRDA:10,0,0,0
BRDA:15,1,0,13
BRDA:15,1,1,19
BRDA:15,2,0,32
BRDA:15,2,1,24
BRDA:16,3,0,12
BRDA:16,3,1,1
BRDA:17,4,0,6
BRDA:17,4,1,6
BRDA:22,5,0,17
BRDA:22,5,1,2
BRDA:24,6,0,10
BRDA:24,6,1,7
BRDA:25,7,0,9
BRDA:25,7,1,1
BRDA:26,8,0,8
BRDA:26,8,1,1
BRDA:30,9,0,6
BRDA:30,9,1,4
BRDA:31,10,0,5
BRDA:31,10,1,1
BRDA:38,11,0,26
BRDA:38,11,1,6
BRDA:41,12,0,15
BRDA:41,12,1,17
BRDA:42,13,0,10
BRDA:42,13,1,5
BRDA:43,14,0,6
BRDA:43,14,1,4
BRDA:44,15,0,6
BRDA:44,15,1,0
BRDA:45,16,0,4
BRDA:45,16,1,2
BRDA:53,17,0,4
BRDA:53,17,1,1
BRF:35
BRH:33
end_of_record
TN:
SF:src/gilded_rose_refactored.js
FN:2,(anonymous_0)
FN:14,(anonymous_1)
FN:18,(anonymous_2)
FN:19,(anonymous_3)
FN:24,(anonymous_4)
FN:28,(anonymous_5)
FN:35,(anonymous_6)
FN:40,(anonymous_7)
FN:43,(anonymous_8)
FN:49,(anonymous_9)
FN:53,(anonymous_10)
FN:60,(anonymous_11)
FN:65,(anonymous_12)
FN:68,(anonymous_13)
FN:74,(anonymous_14)
FN:78,(anonymous_15)
FN:84,(anonymous_16)
FN:88,(anonymous_17)
FN:96,(anonymous_18)
FN:101,(anonymous_19)
FN:104,(anonymous_20)
FN:107,(anonymous_21)
FN:113,(anonymous_22)
FN:118,(anonymous_23)
FNF:24
FNH:24
FNDA:22,(anonymous_0)
FNDA:22,(anonymous_1)
FNDA:22,(anonymous_2)
FNDA:22,(anonymous_3)
FNDA:6,(anonymous_4)
FNDA:6,(anonymous_5)
FNDA:4,(anonymous_6)
FNDA:6,(anonymous_7)
FNDA:6,(anonymous_8)
FNDA:3,(anonymous_9)
FNDA:3,(anonymous_10)
FNDA:4,(anonymous_11)
FNDA:3,(anonymous_12)
FNDA:3,(anonymous_13)
FNDA:2,(anonymous_14)
FNDA:2,(anonymous_15)
FNDA:11,(anonymous_16)
FNDA:11,(anonymous_17)
FNDA:24,(anonymous_18)
FNDA:11,(anonymous_19)
FNDA:2,(anonymous_20)
FNDA:11,(anonymous_21)
FNDA:3,(anonymous_22)
FNDA:4,(anonymous_23)
DA:3,22
DA:4,22
DA:5,22
DA:9,1
DA:10,1
DA:15,22
DA:19,22
DA:25,6
DA:29,6
DA:30,6
DA:31,6
DA:33,6
DA:36,4
DA:37,3
DA:41,6
DA:44,6
DA:50,3
DA:54,3
DA:55,3
DA:56,3
DA:58,3
DA:61,4
DA:62,3
DA:66,3
DA:69,3
DA:75,2
DA:79,2
DA:85,11
DA:89,11
DA:90,11
DA:91,11
DA:92,11
DA:93,11
DA:94,11
DA:97,24
DA:98,24
DA:102,11
DA:105,2
DA:108,11
DA:114,3
DA:115,3
DA:119,4
DA:120,3
LF:43
LH:43
BRDA:14,0,0,0
BRDA:31,1,0,2
BRDA:31,1,1,4
BRDA:36,2,0,3
BRDA:36,2,1,1
BRDA:56,3,0,1
BRDA:56,3,1,2
BRDA:61,4,0,3
BRDA:61,4,1,1
BRDA:90,5,0,8
BRDA:90,5,1,3
BRDA:91,6,0,5
BRDA:91,6,1,6
BRDA:93,7,0,2
BRDA:93,7,1,9
BRDA:97,8,0,24
BRDA:97,8,1,0
BRDA:119,9,0,3
BRDA:119,9,1,1
BRF:19
BRH:17
end_of_record
